app/seeds.txt
com.example.boleyuedu.MainActivity
com.example.boleyuedu.login.LoginActivity
com.example.boleyuedu.login.LoginActivity: LoginActivity()
com.example.boleyuedu.MainActivity: MainActivity()
...
butterknife.R$dimen: int notification_large_icon_width
androidx.appcompat.R$styleable: int AppCompatTheme_listPreferredItemPaddingStart
androidx.constraintlayout.widget.R$styleable: int ConstraintSet_layout_constraintHorizontal_chainStyle
androidx.appcompat.R$styleable: int ActionBar_subtitle
androidx.vectordrawable.graphics.drawable.VectorDrawableCompat$VGroup: java.lang.String getGroupName()
butterknife.R$attr: int fontProviderAuthority
androidx.appcompat.R$styleable: int Toolbar_android_minHeight
butterknife.runtime.R$drawable: R$drawable()
androidx.appcompat.R$styleable: int AnimatedStateListDrawableCompat_android_enterFadeDuration
androidx.appcompat.R$dimen: int abc_text_size_display_1_material
androidx.appcompat.R$styleable: int AppCompatTheme_listPreferredItemHeightSmall
androidx.appcompat.R$styleable: int AppCompatTheme_listPreferredItemPaddingEnd
androidx.constraintlayout.widget.R$styleable: int ConstraintSet_layout_constraintBottom_creator
androidx.constraintlayout.widget.R$id: int percent
androidx.appcompat.widget.ActionBarOverlayLayout: ActionBarOverlayLayout(android.content.Context)
androidx.appcompat.R$attr: int searchViewStyle
androidx.appcompat.R$dimen: int abc_action_bar_overflow_padding_end_material
androidx.lifecycle.Lifecycle$Event: androidx.lifecycle.Lifecycle$Event[] $VALUES
androidx.appcompat.R$layout: int abc_dialog_title_material
androidx.appcompat.R$drawable: int abc_cab_background_internal_bg
androidx.appcompat.R$styleable: int AppCompatImageView_tintMode
androidx.appcompat.R$attr: int hideOnContentScroll
butterknife.R$style: int TextAppearance_Compat_Notification_Time
androidx.appcompat.widget.ActionBarContextView: void setSubtitle(java.lang.CharSequence)
androidx.constraintlayout.widget.R$styleable: int ConstraintSet_layout_constraintBaseline_creator
androidx.appcompat.R$id: int search_button
androidx.appcompat.R$style: int TextAppearance_AppCompat_Widget_ActionMode_Subtitle
butterknife.runtime.R$id: int right_icon
androidx.appcompat.R$style: int Widget_AppCompat_PopupWindow
androidx.appcompat.R$style: int Base_TextAppearance_AppCompat_Widget_Switch
androidx.appcompat.R$styleable: int AppCompatTheme_actionBarPopupTheme
androidx.vectordrawable.graphics.drawable.VectorDrawableCompat$VectorDrawableDelegateState: int getChangingConfigurations()
androidx.core.R$id: int action_text
androidx.appcompat.R$style: int TextAppearance_AppCompat_Light_Widget_PopupMenu_Small
androidx.appcompat.R$styleable: int MenuView_android_itemTextAppearance
androidx.appcompat.R$id: int message
androidx.appcompat.R$attr: int toolbarStyle
androidx.appcompat.R$style: int Widget_AppCompat_Spinner_DropDown
androidx.appcompat.R$attr: int windowMinWidthMinor
androidx.constraintlayout.widget.R$styleable: int ConstraintLayout_Layout_chainUseRtl
androidx.constraintlayout.widget.R$styleable: int ConstraintSet_android_transformPivotX
androidx.appcompat.widget.ActionMenuView: void setOverflowReserved(boolean)
androidx.appcompat.R$color: int switch_thumb_disabled_material_light
androidx.constraintlayout.solver.widgets.ConstraintWidget$DimensionBehaviour: androidx.constraintlayout.solver.widgets.ConstraintWidget$DimensionBehaviour[] values()
androidx.appcompat.widget.ActionMenuView: ActionMenuView(android.content.Context,android.util.AttributeSet)
androidx.appcompat.R$styleable: int ActionBar_contentInsetLeft
androidx.appcompat.resources.R$styleable: int[] AnimatedStateListDrawableCompat
androidx.appcompat.R$attr: int showAsAction
androidx.vectordrawable.graphics.drawable.VectorDrawableCompat$VPathRenderer: void setRootAlpha(int)
androidx.appcompat.widget.AppCompatCheckBox: void setSupportButtonTintMode(android.graphics.PorterDuff$Mode)
androidx.appcompat.R$string: int abc_menu_ctrl_shortcut_label
androidx.appcompat.R$id: int accessibility_custom_action_5
androidx.appcompat.widget.AppCompatRadioButton: android.content.res.ColorStateList getSupportBackgroundTintList()
androidx.appcompat.R$style: int Base_AlertDialog_AppCompat