app/mapping.txt
# compiler: R8
# compiler_version: 1.4.94
# min_api: 17
com.example.boleyuedu.MainActivity -> com.example.boleyuedu.MainActivity:
    android.graphics.Paint paint -> s
    int marginBotton -> F
    int marginright -> D
    int marginTop -> E
    int dheight -> B
    int marginLeft -> C
    int totalpage -> A
    java.lang.String content -> v
    int currentpage -> z
    int dwidth -> x
    com.example.yuedulib.DrawView drawView -> G
    java.util.ArrayList undeldata -> I
    int showline -> y
    java.util.ArrayList currentbooks -> H
    int size -> w
    int lianpand -> t
    int textSize -> u
    java.lang.String access$000(com.example.boleyuedu.MainActivity) -> a
    java.lang.String access$002(com.example.boleyuedu.MainActivity,java.lang.String) -> a
    java.util.ArrayList access$102(com.example.boleyuedu.MainActivity,java.util.ArrayList) -> a
    int access$202(com.example.boleyuedu.MainActivity,int) -> a
    java.util.ArrayList deldate(java.util.ArrayList) -> a
    void drawPages(int,java.util.ArrayList) -> a
    android.graphics.Bitmap horverImage(android.graphics.Bitmap,boolean,boolean) -> a
    java.util.ArrayList access$100(com.example.boleyuedu.MainActivity) -> b
    java.util.ArrayList access$402(com.example.boleyuedu.MainActivity,java.util.ArrayList) -> b
    int access$300(com.example.boleyuedu.MainActivity) -> c
    java.util.ArrayList access$400(com.example.boleyuedu.MainActivity) -> d
    int access$500(com.example.boleyuedu.MainActivity) -> e
    void nextPage() -> e
    void reflush() -> f
com.example.boleyuedu.MainActivity$1 -> d.b.a.a:
    com.example.boleyuedu.MainActivity this$0 -> a
com.example.boleyuedu.MainActivity$2 -> d.b.a.b:
    com.example.boleyuedu.MainActivity this$0 -> a
    void accept(java.lang.Throwable) -> a
com.example.boleyuedu.MainActivity$3 -> d.b.a.c:
    com.example.boleyuedu.MainActivity this$0 -> a
    void subscribe(io.reactivex.ObservableEmitter) -> a
com.example.boleyuedu.fragment.Fragement1 -> d.b.a.a.a:
    android.view.View onCreateView(android.view.LayoutInflater,android.view.ViewGroup,android.os.Bundle) -> a
com.example.boleyuedu.fragment.Fragement2 -> d.b.a.a.b:
    int getlayoutId() -> ja
com.example.boleyuedu.login.LoginActivity -> com.example.boleyuedu.login.LoginActivity:
    com.example.boleyuedu.fragment.Fragement1 fragement1 -> z
    com.example.boleyuedu.fragment.Fragement2 fragement2 -> w
    android.os.Handler handler -> A
    android.widget.TextView textView -> v
    androidx.fragment.app.FragmentManager fragmentManager -> x
    androidx.fragment.app.FragmentTransaction fragmentTransaction -> y
    android.widget.TextView access$000(com.example.boleyuedu.login.LoginActivity) -> a
    com.bole.basemodel.mvpBase.BasePresenter access$100(com.example.boleyuedu.login.LoginActivity) -> b
    com.example.boleyuedu.fragment.Fragement2 access$200(com.example.boleyuedu.login.LoginActivity) -> c
    com.example.boleyuedu.fragment.Fragement1 access$300(com.example.boleyuedu.login.LoginActivity) -> d
    androidx.fragment.app.FragmentManager access$400(com.example.boleyuedu.login.LoginActivity) -> e
    void updateUI() -> i
    int getlayoutId() -> s
    void initData() -> t
    void initView() -> u
com.example.boleyuedu.login.LoginActivity$1 -> d.b.a.b.a:
    com.example.boleyuedu.login.LoginActivity this$0 -> a
    void accept(com.bole.basemodel.bean.EventMsg) -> a
com.example.boleyuedu.login.LoginActivity$2 -> d.b.a.b.b:
    com.example.boleyuedu.login.LoginActivity this$0 -> a
com.example.boleyuedu.login.LoginActivity$3 -> d.b.a.b.c:
    com.example.boleyuedu.login.LoginActivity this$0 -> a
com.example.boleyuedu.login.LoginContrat$LoginIView -> d.b.a.b.d:
    void updateUI() -> i
com.example.boleyuedu.login.LoginContrat$LoginIpre -> d.b.a.b.e:
    void receivedata() -> a
com.example.boleyuedu.login.LoginContrat$LoginModel -> d.b.a.b.f:
com.example.boleyuedu.login.LoginModel -> d.b.a.b.g:
    void sendhttp() -> b
com.example.boleyuedu.login.LoginPresenter -> d.b.a.b.h:
    void receivedata() -> a
    void senddata() -> d
...
androidx.core.graphics.TypefaceCompatBaseImpl$2 -> b.f.c.i:
    androidx.core.graphics.TypefaceCompatBaseImpl this$0 -> a
    int getWeight(androidx.core.content.res.FontResourcesParserCompat$FontFileResourceEntry) -> a
    int getWeight(java.lang.Object) -> a
    boolean isItalic(androidx.core.content.res.FontResourcesParserCompat$FontFileResourceEntry) -> b
    boolean isItalic(java.lang.Object) -> b
androidx.core.graphics.TypefaceCompatBaseImpl$StyleExtractor -> b.f.c.j$a:
    int getWeight(java.lang.Object) -> a
    boolean isItalic(java.lang.Object) -> b
androidx.core.graphics.TypefaceCompatUtil -> b.f.c.k:
    void closeQuietly(java.io.Closeable) -> a
    java.nio.ByteBuffer copyToDirectBuffer(android.content.Context,android.content.res.Resources,int) -> a
    boolean copyToFile(java.io.File,android.content.res.Resources,int) -> a
    boolean copyToFile(java.io.File,java.io.InputStream) -> a
    java.io.File getTempFile(android.content.Context) -> a
    java.nio.ByteBuffer mmap(android.content.Context,android.os.CancellationSignal,android.net.Uri) -> a
    java.nio.ByteBuffer mmap(java.io.File) -> a
androidx.core.graphics.drawable.DrawableCompat -> b.f.c.a.a:
    java.lang.reflect.Method sGetLayoutDirectionMethod -> c
    boolean sSetLayoutDirectionMethodFetched -> b
    java.lang.reflect.Method sSetLayoutDirectionMethod -> a
    boolean sGetLayoutDirectionMethodFetched -> d
    void applyTheme(android.graphics.drawable.Drawable,android.content.res.Resources$Theme) -> a
    boolean canApplyTheme(android.graphics.drawable.Drawable) -> a
    void inflate(android.graphics.drawable.Drawable,android.content.res.Resources,org.xmlpull.v1.XmlPullParser,android.util.AttributeSet,android.content.res.Resources$Theme) -> a
    void setAutoMirrored(android.graphics.drawable.Drawable,boolean) -> a
    void setHotspot(android.graphics.drawable.Drawable,float,float) -> a
    void setHotspotBounds(android.graphics.drawable.Drawable,int,int,int,int) -> a
    boolean setLayoutDirection(android.graphics.drawable.Drawable,int) -> a
    void setTintList(android.graphics.drawable.Drawable,android.content.res.ColorStateList) -> a
    void setTintMode(android.graphics.drawable.Drawable,android.graphics.PorterDuff$Mode) -> a
    int getAlpha(android.graphics.drawable.Drawable) -> b
    void setTint(android.graphics.drawable.Drawable,int) -> b
    android.graphics.ColorFilter getColorFilter(android.graphics.drawable.Drawable) -> c
    int getLayoutDirection(android.graphics.drawable.Drawable) -> d
    boolean isAutoMirrored(android.graphics.drawable.Drawable) -> e
androidx.core.graphics.drawable.IconCompat -> androidx.core.graphics.drawable.IconCompat:
    android.graphics.PorterDuff$Mode mTintMode -> i
    android.os.Parcelable mParcelable -> e
    java.lang.String mTintModeStr -> j
    int mInt1 -> f
    android.content.res.ColorStateList mTintList -> h
    android.graphics.PorterDuff$Mode DEFAULT_TINT_MODE -> a
    java.lang.Object mObj1 -> c
    int mInt2 -> g
    int mType -> b
    byte[] mData -> d
    int getResId() -> a
    int getResId(android.graphics.drawable.Icon) -> a
    void onPreParceling(boolean) -> a
    java.lang.String typeToString(int) -> a
    java.lang.String getResPackage() -> b
    java.lang.String getResPackage(android.graphics.drawable.Icon) -> b
    void onPostParceling() -> c
androidx.core.graphics.drawable.TintAwareDrawable -> b.f.c.a.b:
androidx.core.graphics.drawable.WrappedDrawable -> b.f.c.a.c:
    android.graphics.drawable.Drawable getWrappedDrawable() -> a
    void setWrappedDrawable(android.graphics.drawable.Drawable) -> a