app/unused.txt
com.example.boleyuedu.R$dimen
com.example.boleyuedu.R$integer
com.example.boleyuedu.R$style
com.example.boleyuedu.R2$bool
com.example.boleyuedu.R$styleable
com.example.boleyuedu.R2
com.example.boleyuedu.login.LoginContrat$LoginModel
    public abstract void sendhttp()
com.example.boleyuedu.R$color
com.example.boleyuedu.R2$drawable
com.example.boleyuedu.RxBus2
com.example.boleyuedu.R
com.example.boleyuedu.R$layout
com.example.boleyuedu.R$string
com.example.boleyuedu.R2$layout
com.example.boleyuedu.R2$string
com.example.boleyuedu.R2$integer
com.example.boleyuedu.RxHelper
com.example.boleyuedu.R2$color
com.example.boleyuedu.R$interpolator
com.example.boleyuedu.R$xml
com.example.boleyuedu.R2$style
com.example.boleyuedu.R$bool
com.example.boleyuedu.RxHelper$1
com.example.boleyuedu.R2$dimen
com.example.boleyuedu.R$anim
com.example.boleyuedu.RxHelper$2
com.example.boleyuedu.R2$styleable
com.example.boleyuedu.R$attr
com.example.boleyuedu.R$id
com.example.boleyuedu.R$mipmap
com.example.boleyuedu.fragment.Fragement2
    public void initView()
    public void initData()
com.example.boleyuedu.login.LoginContrat$LoginIpre
    public abstract void senddata()
com.example.boleyuedu.R2$anim
com.example.boleyuedu.R2$id
com.example.boleyuedu.R2$attr
com.example.boleyuedu.login.LoginContrat
com.example.boleyuedu.R$drawable
com.example.boleyuedu.BuildConfig
...
io.reactivex.internal.operators.single.SingleTimer
androidx.loader.content.Loader$OnLoadCanceledListener
rx.Observable$EmptyHolder$1
androidx.core.graphics.TypefaceCompatBaseImpl
    private static final java.lang.String TAG
    private static final int INVALID_KEY
rx.Observable$21
io.reactivex.schedulers.Schedulers
    private void <init>()
    public static io.reactivex.Scheduler trampoline()
    public static io.reactivex.Scheduler newThread()
    public static io.reactivex.Scheduler single()
    public static io.reactivex.Scheduler from(java.util.concurrent.Executor)
    public static void shutdown()
    public static void start()
io.reactivex.internal.operators.completable.CompletableConcat
rx.internal.operators.OperatorWindowWithSize$InexactSubscriber$2
io.reactivex.internal.operators.flowable.BlockingFlowableMostRecent
io.reactivex.internal.operators.single.SingleDelayWithSingle$OtherObserver
androidx.core.view.ViewCompat$NestedScrollType
com.jakewharton.rxbinding3.view.RxView__ViewAttachEventObservableKt
kr.co.namee.permissiongen.internal.ValidateUtil
com.bole.basemodel.R$color
io.reactivex.internal.operators.flowable.FlowableFlatMapMaybe$FlatMapMaybeSubscriber$InnerObserver
io.reactivex.internal.util.ArrayListSupplier
io.reactivex.internal.operators.observable.ObservableWithLatestFrom$WithLatestFromObserver
io.reactivex.internal.operators.flowable.FlowableBufferBoundary$BufferBoundarySubscriber
io.reactivex.internal.operators.observable.ObservableFromIterable$FromIterableDisposable
okhttp3.internal.http2.Http2Connection$5
androidx.loader.R$styleable
androidx.appcompat.app.AppCompatViewInflater
    private static final java.lang.String LOG_TAG
com.jakewharton.rxbinding3.widget.SeekBarChangeEventObservable$Listener
kotlin.sequences.SubSequence
rx.internal.operators.OperatorBufferWithSize$2$1
io.reactivex.subscribers.SerializedSubscriber
androidx.appcompat.widget.AppCompatEditText
    public void <init>(android.content.Context)
androidx.core.view.NestedScrollingChild3
    public abstract void dispatchNestedScroll(int,int,int,int,int[],int,int[])
io.reactivex.internal.operators.flowable.FlowableBlockingSubscribe
io.reactivex.internal.operators.flowable.FlowableRange
okhttp3.HttpUrl
    public static okhttp3.HttpUrl get(java.net.URL)
    static okhttp3.HttpUrl getChecked(java.lang.String)
    public static okhttp3.HttpUrl get(java.net.URI)
    public java.net.URL url()
    public java.net.URI uri()
    public java.lang.String scheme()
    public boolean isHttps()
    public java.lang.String username()
    public java.lang.String password()
    public int pathSize()
    public java.lang.String encodedPath()
    public java.lang.String query()
    public int querySize()
    public java.lang.String queryParameter(java.lang.String)
    public java.util.Set queryParameterNames()
    public java.util.List queryParameterValues(java.lang.String)
    public java.lang.String queryParameterName(int)
    public java.lang.String queryParameterValue(int)
    public java.lang.String encodedFragment()
    public java.lang.String fragment()
    public java.lang.String redact()
    public okhttp3.HttpUrl resolve(java.lang.String)
    public okhttp3.HttpUrl$Builder newBuilder()
    public okhttp3.HttpUrl$Builder newBuilder(java.lang.String)
    public java.lang.String topPrivateDomain()
    static final java.lang.String USERNAME_ENCODE_SET
    static final java.lang.String PASSWORD_ENCODE_SET
    static final java.lang.String PATH_SEGMENT_ENCODE_SET
    static final java.lang.String PATH_SEGMENT_ENCODE_SET_URI
    static final java.lang.String QUERY_ENCODE_SET
    static final java.lang.String QUERY_COMPONENT_ENCODE_SET
io.reactivex.internal.operators.completable.CompletablePeek$CompletableObserverImplementation
retrofit2.BuiltInConverters$StreamingResponseBodyConverter
kotlin.collections.ArraysKt___ArraysKt
io.reactivex.internal.operators.flowable.FlowableTakePublisher